<?xml version="1.0" encoding="UTF-8"?>
<!-- Generated by org.testng.reporters.JUnitXMLReporter -->
<testsuite ignored="1" hostname="DESKTOP-OMU72LS" failures="1" tests="1" name="Error Validations Test" time="7.64" errors="0" timestamp="2023-01-30T16:21:23 EET">
  <testcase classname="tests.ErrorValidationsTest" name="ProductErrorValidation" time="7.52">
    <failure type="java.lang.NullPointerException">
      <![CDATA[java.lang.NullPointerException
at tests.pageobjects.ProductCatalogue.addProductToCart(ProductCatalogue.java:35)
at tests.ErrorValidationsTest.ProductErrorValidation(ErrorValidationsTest.java:40)
at java.base/java.util.ArrayList.forEach(ArrayList.java:1541)
... Removed 31 stack frames]]>
    </failure>
  </testcase> <!-- ProductErrorValidation -->
  <testcase classname="tests.ErrorValidationsTest" name="LoginErrorValidation" time="0.0">
    <ignored/>
  </testcase> <!-- LoginErrorValidation -->
</testsuite> <!-- Error Validations Test -->
